<?xml version="1.0" encoding="UTF-8"?>
<testsuite xmlns:xsi="http://www.w3.org/2001/XMLSchema-instance" xsi:noNamespaceSchemaLocation="https://maven.apache.org/surefire/maven-surefire-plugin/xsd/surefire-test-report-3.0.xsd" version="3.0" name="com.gpsolutions.propertyview.HotelControllerIntegrationTest" time="7.751" tests="3" errors="0" skipped="0" failures="0">
  <properties>
[...]
</properties>
  <testcase name="createAndFetchHotel" classname="com.gpsolutions.propertyview.HotelControllerIntegrationTest" time="0.967">
    <system-out><![CDATA[20:36:04.529 [main] INFO org.springframework.test.context.support.AnnotationConfigContextLoaderUtils -- Could not detect default configuration classes for test class [com.gpsolutions.propertyview.HotelControllerIntegrationTest]: HotelControllerIntegrationTest does not declare any static, non-private, non-final, nested classes annotated with @Configuration.
20:36:04.657 [main] INFO org.springframework.boot.test.context.SpringBootTestContextBootstrapper -- Found @SpringBootConfiguration com.gpsolutions.propertyview.PropertyViewApplication for test class com.gpsolutions.propertyview.HotelControllerIntegrationTest

  .   ____          _            __ _ _
 /\\ / ___'_ __ _ _(_)_ __  __ _ \ \ \ \
( ( )\___ | '_ | '_| | '_ \/ _` | \ \ \ \
 \\/  ___)| |_)| | | | | || (_| |  ) ) ) )
  '  |____| .__|_| |_|_| |_\__, | / / / /
 =========|_|==============|___/=/_/_/_/
 :: Spring Boot ::                (v3.2.5)

2026-02-18T20:36:05.207+03:00  INFO 19604 --- [property-view] [           main] c.g.p.HotelControllerIntegrationTest     : Starting HotelControllerIntegrationTest using Java 21.0.5 with PID 19604 (started by pasha in D:\work\TestTaskGPSolutions)
2026-02-18T20:36:05.208+03:00  INFO 19604 --- [property-view] [           main] c.g.p.HotelControllerIntegrationTest     : No active profile set, falling back to 1 default profile: "default"
2026-02-18T20:36:06.268+03:00  INFO 19604 --- [property-view] [           main] .s.d.r.c.RepositoryConfigurationDelegate : Bootstrapping Spring Data JPA repositories in DEFAULT mode.
2026-02-18T20:36:06.328+03:00  INFO 19604 --- [property-view] [           main] .s.d.r.c.RepositoryConfigurationDelegate : Finished Spring Data repository scanning in 53 ms. Found 1 JPA repository interface.
2026-02-18T20:36:06.847+03:00  INFO 19604 --- [property-view] [           main] com.zaxxer.hikari.HikariDataSource       : HikariPool-1 - Starting...
2026-02-18T20:36:07.074+03:00  INFO 19604 --- [property-view] [           main] com.zaxxer.hikari.pool.HikariPool        : HikariPool-1 - Added connection conn0: url=jdbc:h2:mem:propertyview user=SA
2026-02-18T20:36:07.075+03:00  INFO 19604 --- [property-view] [           main] com.zaxxer.hikari.HikariDataSource       : HikariPool-1 - Start completed.
2026-02-18T20:36:07.145+03:00  INFO 19604 --- [property-view] [           main] liquibase.database                       : Set default schema name to PUBLIC
2026-02-18T20:36:07.548+03:00  INFO 19604 --- [property-view] [           main] liquibase.changelog                      : Creating database history table with name: PUBLIC.DATABASECHANGELOG
2026-02-18T20:36:07.630+03:00  INFO 19604 --- [property-view] [           main] liquibase.changelog                      : Reading from PUBLIC.DATABASECHANGELOG
2026-02-18T20:36:07.712+03:00  INFO 19604 --- [property-view] [           main] liquibase.lockservice                    : Successfully acquired change log lock
2026-02-18T20:36:07.714+03:00  INFO 19604 --- [property-view] [           main] liquibase.command                        : Using deploymentId: 1436167713
2026-02-18T20:36:07.715+03:00  INFO 19604 --- [property-view] [           main] liquibase.changelog                      : Reading from PUBLIC.DATABASECHANGELOG
Running Changeset: db/changelog/db.changelog-master.yaml::001-create-hotel-tables::techlead
2026-02-18T20:36:07.760+03:00  INFO 19604 --- [property-view] [           main] liquibase.changelog                      : Table hotels created
2026-02-18T20:36:07.763+03:00  INFO 19604 --- [property-view] [           main] liquibase.changelog                      : Table hotel_amenities created
2026-02-18T20:36:07.768+03:00  INFO 19604 --- [property-view] [           main] liquibase.changelog                      : Foreign key constraint added to hotel_amenities (hotel_id)
2026-02-18T20:36:07.769+03:00  INFO 19604 --- [property-view] [           main] liquibase.changelog                      : ChangeSet db/changelog/db.changelog-master.yaml::001-create-hotel-tables::techlead ran successfully in 16ms
2026-02-18T20:36:07.781+03:00  INFO 19604 --- [property-view] [           main] liquibase.util                           : UPDATE SUMMARY
2026-02-18T20:36:07.782+03:00  INFO 19604 --- [property-view] [           main] liquibase.util                           : Run:                          1
2026-02-18T20:36:07.782+03:00  INFO 19604 --- [property-view] [           main] liquibase.util                           : Previously run:               0
2026-02-18T20:36:07.782+03:00  INFO 19604 --- [property-view] [           main] liquibase.util                           : Filtered out:                 0
2026-02-18T20:36:07.782+03:00  INFO 19604 --- [property-view] [           main] liquibase.util                           : -------------------------------
2026-02-18T20:36:07.782+03:00  INFO 19604 --- [property-view] [           main] liquibase.util                           : Total change sets:            1
2026-02-18T20:36:07.783+03:00  INFO 19604 --- [property-view] [           main] liquibase.util                           : Update summary generated
2026-02-18T20:36:07.786+03:00  INFO 19604 --- [property-view] [           main] liquibase.command                        : Update command completed successfully.
Liquibase: Update has been successful. Rows affected: 1
2026-02-18T20:36:07.789+03:00  INFO 19604 --- [property-view] [           main] liquibase.lockservice                    : Successfully released change log lock
2026-02-18T20:36:07.790+03:00  INFO 19604 --- [property-view] [           main] liquibase.command                        : Command execution complete
2026-02-18T20:36:07.976+03:00  INFO 19604 --- [property-view] [           main] o.hibernate.jpa.internal.util.LogHelper  : HHH000204: Processing PersistenceUnitInfo [name: default]
2026-02-18T20:36:08.069+03:00  INFO 19604 --- [property-view] [           main] org.hibernate.Version                    : HHH000412: Hibernate ORM core version 6.4.4.Final
2026-02-18T20:36:08.109+03:00  INFO 19604 --- [property-view] [           main] o.h.c.internal.RegionFactoryInitiator    : HHH000026: Second-level cache disabled
2026-02-18T20:36:08.353+03:00  INFO 19604 --- [property-view] [           main] o.s.o.j.p.SpringPersistenceUnitInfo      : No LoadTimeWeaver setup: ignoring JPA class transformer
2026-02-18T20:36:09.273+03:00  INFO 19604 --- [property-view] [           main] o.h.e.t.j.p.i.JtaPlatformInitiator       : HHH000489: No JTA platform available (set 'hibernate.transaction.jta.platform' to enable JTA platform integration)
2026-02-18T20:36:09.275+03:00  INFO 19604 --- [property-view] [           main] j.LocalContainerEntityManagerFactoryBean : Initialized JPA EntityManagerFactory for persistence unit 'default'
2026-02-18T20:36:09.666+03:00  INFO 19604 --- [property-view] [           main] o.s.d.j.r.query.QueryEnhancerFactory     : Hibernate is in classpath; If applicable, HQL parser will be used.
2026-02-18T20:36:10.448+03:00  WARN 19604 --- [property-view] [           main] JpaBaseConfiguration$JpaWebConfiguration : spring.jpa.open-in-view is enabled by default. Therefore, database queries may be performed during view rendering. Explicitly configure spring.jpa.open-in-view to disable this warning
2026-02-18T20:36:10.889+03:00  INFO 19604 --- [property-view] [           main] o.s.b.a.h2.H2ConsoleAutoConfiguration    : H2 console available at '/h2-console'. Database available at 'jdbc:h2:mem:propertyview'
2026-02-18T20:36:10.951+03:00  INFO 19604 --- [property-view] [           main] o.s.b.t.m.w.SpringBootMockServletContext : Initializing Spring TestDispatcherServlet ''
2026-02-18T20:36:10.951+03:00  INFO 19604 --- [property-view] [           main] o.s.t.web.servlet.TestDispatcherServlet  : Initializing Servlet ''
2026-02-18T20:36:10.953+03:00  INFO 19604 --- [property-view] [           main] o.s.t.web.servlet.TestDispatcherServlet  : Completed initialization in 1 ms
2026-02-18T20:36:10.975+03:00  INFO 19604 --- [property-view] [           main] c.g.p.HotelControllerIntegrationTest     : Started HotelControllerIntegrationTest in 6.122 seconds (process running for 7.504)
2026-02-18T20:36:11.788+03:00 DEBUG 19604 --- [property-view] [           main] org.hibernate.SQL                        : 
    insert 
    into
        hotels
        (city, country, house_number, post_code, street, check_in, check_out, brand, email, phone, description, name, id) 
    values
        (?, ?, ?, ?, ?, ?, ?, ?, ?, ?, ?, ?, ?)
Hibernate: 
    insert 
    into
        hotels
        (city, country, house_number, post_code, street, check_in, check_out, brand, email, phone, description, name, id) 
    values
        (?, ?, ?, ?, ?, ?, ?, ?, ?, ?, ?, ?, ?)
2026-02-18T20:36:11.909+03:00 DEBUG 19604 --- [property-view] [           main] org.hibernate.SQL                        : 
    select
        h1_0.id,
        h1_0.city,
        h1_0.country,
        h1_0.house_number,
        h1_0.post_code,
        h1_0.street,
        h1_0.check_in,
        h1_0.check_out,
        h1_0.brand,
        h1_0.email,
        h1_0.phone,
        h1_0.description,
        h1_0.name 
    from
        hotels h1_0
Hibernate: 
    select
        h1_0.id,
        h1_0.city,
        h1_0.country,
        h1_0.house_number,
        h1_0.post_code,
        h1_0.street,
        h1_0.check_in,
        h1_0.check_out,
        h1_0.brand,
        h1_0.email,
        h1_0.phone,
        h1_0.description,
        h1_0.name 
    from
        hotels h1_0
2026-02-18T20:36:11.949+03:00 DEBUG 19604 --- [property-view] [           main] org.hibernate.SQL                        : 
    select
        h1_0.id,
        h1_0.city,
        h1_0.country,
        h1_0.house_number,
        h1_0.post_code,
        h1_0.street,
        h1_0.check_in,
        h1_0.check_out,
        h1_0.brand,
        h1_0.email,
        h1_0.phone,
        h1_0.description,
        h1_0.name 
    from
        hotels h1_0 
    where
        upper(h1_0.city) like upper(?) escape '\'
Hibernate: 
    select
        h1_0.id,
        h1_0.city,
        h1_0.country,
        h1_0.house_number,
        h1_0.post_code,
        h1_0.street,
        h1_0.check_in,
        h1_0.check_out,
        h1_0.brand,
        h1_0.email,
        h1_0.phone,
        h1_0.description,
        h1_0.name 
    from
        hotels h1_0 
    where
        upper(h1_0.city) like upper(?) escape '\'
]]></system-out>
    <system-err><![CDATA[WARNING: A Java agent has been loaded dynamically (C:\Users\pasha\.m2\repository\net\bytebuddy\byte-buddy-agent\1.14.13\byte-buddy-agent-1.14.13.jar)
WARNING: If a serviceability tool is in use, please run with -XX:+EnableDynamicAgentLoading to hide this warning
WARNING: If a serviceability tool is not in use, please run with -Djdk.instrument.traceUsage for more information
WARNING: Dynamic loading of agents will be disallowed by default in a future release
]]></system-err>
  </testcase>
  <testcase name="validationErrorOnInvalidPhone" classname="com.gpsolutions.propertyview.HotelControllerIntegrationTest" time="0.023"/>
  <testcase name="histogramByCityAndAmenities" classname="com.gpsolutions.propertyview.HotelControllerIntegrationTest" time="0.071">
    <system-out><![CDATA[2026-02-18T20:36:11.995+03:00 DEBUG 19604 --- [property-view] [           main] org.hibernate.SQL                        : 
    insert 
    into
        hotels
        (city, country, house_number, post_code, street, check_in, check_out, brand, email, phone, description, name, id) 
    values
        (?, ?, ?, ?, ?, ?, ?, ?, ?, ?, ?, ?, ?)
Hibernate: 
    insert 
    into
        hotels
        (city, country, house_number, post_code, street, check_in, check_out, brand, email, phone, description, name, id) 
    values
        (?, ?, ?, ?, ?, ?, ?, ?, ?, ?, ?, ?, ?)
2026-02-18T20:36:12.011+03:00 DEBUG 19604 --- [property-view] [           main] org.hibernate.SQL                        : 
    select
        h1_0.id,
        h1_0.city,
        h1_0.country,
        h1_0.house_number,
        h1_0.post_code,
        h1_0.street,
        h1_0.check_in,
        h1_0.check_out,
        h1_0.brand,
        h1_0.email,
        h1_0.phone,
        h1_0.description,
        h1_0.name 
    from
        hotels h1_0 
    where
        h1_0.id=?
Hibernate: 
    select
        h1_0.id,
        h1_0.city,
        h1_0.country,
        h1_0.house_number,
        h1_0.post_code,
        h1_0.street,
        h1_0.check_in,
        h1_0.check_out,
        h1_0.brand,
        h1_0.email,
        h1_0.phone,
        h1_0.description,
        h1_0.name 
    from
        hotels h1_0 
    where
        h1_0.id=?
2026-02-18T20:36:12.021+03:00 DEBUG 19604 --- [property-view] [           main] org.hibernate.SQL                        : 
    delete 
    from
        hotel_amenities 
    where
        hotel_id=?
Hibernate: 
    delete 
    from
        hotel_amenities 
    where
        hotel_id=?
2026-02-18T20:36:12.025+03:00 DEBUG 19604 --- [property-view] [           main] org.hibernate.SQL                        : 
    insert 
    into
        hotel_amenities
        (hotel_id, amenity) 
    values
        (?, ?)
Hibernate: 
    insert 
    into
        hotel_amenities
        (hotel_id, amenity) 
    values
        (?, ?)
2026-02-18T20:36:12.026+03:00 DEBUG 19604 --- [property-view] [           main] org.hibernate.SQL                        : 
    insert 
    into
        hotel_amenities
        (hotel_id, amenity) 
    values
        (?, ?)
Hibernate: 
    insert 
    into
        hotel_amenities
        (hotel_id, amenity) 
    values
        (?, ?)
2026-02-18T20:36:12.038+03:00 DEBUG 19604 --- [property-view] [           main] org.hibernate.SQL                        : 
    select
        h1_0.id,
        h1_0.city,
        h1_0.country,
        h1_0.house_number,
        h1_0.post_code,
        h1_0.street,
        h1_0.check_in,
        h1_0.check_out,
        h1_0.brand,
        h1_0.email,
        h1_0.phone,
        h1_0.description,
        h1_0.name 
    from
        hotels h1_0
Hibernate: 
    select
        h1_0.id,
        h1_0.city,
        h1_0.country,
        h1_0.house_number,
        h1_0.post_code,
        h1_0.street,
        h1_0.check_in,
        h1_0.check_out,
        h1_0.brand,
        h1_0.email,
        h1_0.phone,
        h1_0.description,
        h1_0.name 
    from
        hotels h1_0
2026-02-18T20:36:12.049+03:00 DEBUG 19604 --- [property-view] [           main] org.hibernate.SQL                        : 
    select
        h1_0.id,
        h1_0.city,
        h1_0.country,
        h1_0.house_number,
        h1_0.post_code,
        h1_0.street,
        h1_0.check_in,
        h1_0.check_out,
        h1_0.brand,
        h1_0.email,
        h1_0.phone,
        h1_0.description,
        h1_0.name 
    from
        hotels h1_0
Hibernate: 
    select
        h1_0.id,
        h1_0.city,
        h1_0.country,
        h1_0.house_number,
        h1_0.post_code,
        h1_0.street,
        h1_0.check_in,
        h1_0.check_out,
        h1_0.brand,
        h1_0.email,
        h1_0.phone,
        h1_0.description,
        h1_0.name 
    from
        hotels h1_0
2026-02-18T20:36:12.052+03:00 DEBUG 19604 --- [property-view] [           main] org.hibernate.SQL                        : 
    select
        a1_0.hotel_id,
        a1_0.amenity 
    from
        hotel_amenities a1_0 
    where
        a1_0.hotel_id=?
Hibernate: 
    select
        a1_0.hotel_id,
        a1_0.amenity 
    from
        hotel_amenities a1_0 
    where
        a1_0.hotel_id=?
]]></system-out>
  </testcase>
</testsuite>